[      11ms] [ERROR] Failed to load resource: the server responded with a status of 404 () @ https://automationblog.github.io/_next/static/css/b4c62b5208f8d3f9.css:0
[      12ms] [ERROR] Failed to load resource: the server responded with a status of 404 () @ https://automationblog.github.io/_next/static/media/0e96d314a90a6138-s.p.woff2:0
[      12ms] [ERROR] Failed to load resource: the server responded with a status of 404 () @ https://automationblog.github.io/_next/static/media/13971731025ec697-s.p.woff2:0
[      12ms] [ERROR] Failed to load resource: the server responded with a status of 404 () @ https://automationblog.github.io/_next/static/media/8a1d8947e5852e30-s.p.woff2:0
[      12ms] [ERROR] Failed to load resource: the server responded with a status of 404 () @ https://automationblog.github.io/_next/static/media/d7df244fe7b07b95-s.p.woff2:0
[      12ms] [ERROR] Failed to load resource: the server responded with a status of 404 () @ https://automationblog.github.io/_next/static/media/b7ea2ab4a8ad1f81-s.p.woff2:0
[      16ms] [ERROR] Failed to load resource: the server responded with a status of 404 () @ https://automationblog.github.io/_next/static/chunks/webpack-b2f14ad3f5edb70f.js:0
[      17ms] [ERROR] Failed to load resource: the server responded with a status of 404 () @ https://automationblog.github.io/_next/static/chunks/4bd1b696-dc53661a9e7a1ea0.js:0
[      17ms] [ERROR] Failed to load resource: the server responded with a status of 404 () @ https://automationblog.github.io/_next/static/chunks/517-28743238e254ff08.js:0
[      17ms] [ERROR] Failed to load resource: the server responded with a status of 404 () @ https://automationblog.github.io/_next/static/chunks/main-app-0247263a042c4bf4.js:0
[      17ms] [ERROR] Failed to load resource: the server responded with a status of 404 () @ https://automationblog.github.io/_next/static/chunks/app/page-2dc7c8b80c610cb5.js:0
[      17ms] [ERROR] Failed to load resource: the server responded with a status of 404 () @ https://automationblog.github.io/_next/static/chunks/173-adb53e817c3964da.js:0
[    1857ms] [ERROR] Failed to load resource: the server responded with a status of 404 () @ https://automationblog.github.io/_next/static/media/0e96d314a90a6138-s.p.woff2:0
[    1857ms] [ERROR] Failed to load resource: the server responded with a status of 404 () @ https://automationblog.github.io/_next/static/css/b4c62b5208f8d3f9.css:0
[    1858ms] [ERROR] Failed to load resource: the server responded with a status of 404 () @ https://automationblog.github.io/_next/static/media/d7df244fe7b07b95-s.p.woff2:0
[    1858ms] [ERROR] Failed to load resource: the server responded with a status of 404 () @ https://automationblog.github.io/_next/static/media/b7ea2ab4a8ad1f81-s.p.woff2:0
[    1858ms] [ERROR] Failed to load resource: the server responded with a status of 404 () @ https://automationblog.github.io/_next/static/media/13971731025ec697-s.p.woff2:0
[    1858ms] [ERROR] Failed to load resource: the server responded with a status of 404 () @ https://automationblog.github.io/_next/static/media/8a1d8947e5852e30-s.p.woff2:0
[    1858ms] [ERROR] Failed to load resource: the server responded with a status of 404 () @ https://automationblog.github.io/_next/static/chunks/webpack-b2f14ad3f5edb70f.js:0
[    1858ms] [ERROR] Failed to load resource: the server responded with a status of 404 () @ https://automationblog.github.io/_next/static/chunks/app/page-2dc7c8b80c610cb5.js:0
[    1858ms] [ERROR] Failed to load resource: the server responded with a status of 404 () @ https://automationblog.github.io/_next/static/chunks/173-adb53e817c3964da.js:0
[    1859ms] [ERROR] Failed to load resource: the server responded with a status of 404 () @ https://automationblog.github.io/_next/static/chunks/main-app-0247263a042c4bf4.js:0
[    1859ms] [ERROR] Failed to load resource: the server responded with a status of 404 () @ https://automationblog.github.io/_next/static/chunks/4bd1b696-dc53661a9e7a1ea0.js:0
[    1859ms] [ERROR] Failed to load resource: the server responded with a status of 404 () @ https://automationblog.github.io/_next/static/chunks/517-28743238e254ff08.js:0
[    3390ms] [ERROR] Failed to load resource: the server responded with a status of 404 () @ https://automationblog.github.io/_next/static/media/0e96d314a90a6138-s.p.woff2:0
[    3394ms] [ERROR] Failed to load resource: the server responded with a status of 404 () @ https://automationblog.github.io/_next/static/media/13971731025ec697-s.p.woff2:0
[    3394ms] [ERROR] Failed to load resource: the server responded with a status of 404 () @ https://automationblog.github.io/_next/static/css/b4c62b5208f8d3f9.css:0
[    3394ms] [ERROR] Failed to load resource: the server responded with a status of 404 () @ https://automationblog.github.io/_next/static/media/8a1d8947e5852e30-s.p.woff2:0
[    3394ms] [ERROR] Failed to load resource: the server responded with a status of 404 () @ https://automationblog.github.io/_next/static/media/d7df244fe7b07b95-s.p.woff2:0
[    3394ms] [ERROR] Failed to load resource: the server responded with a status of 404 () @ https://automationblog.github.io/_next/static/media/b7ea2ab4a8ad1f81-s.p.woff2:0
[    3395ms] [ERROR] Failed to load resource: the server responded with a status of 404 () @ https://automationblog.github.io/_next/static/chunks/webpack-b2f14ad3f5edb70f.js:0
[    3395ms] [ERROR] Failed to load resource: the server responded with a status of 404 () @ https://automationblog.github.io/_next/static/chunks/173-adb53e817c3964da.js:0
[    3395ms] [ERROR] Failed to load resource: the server responded with a status of 404 () @ https://automationblog.github.io/_next/static/chunks/4bd1b696-dc53661a9e7a1ea0.js:0
[    3395ms] [ERROR] Failed to load resource: the server responded with a status of 404 () @ https://automationblog.github.io/_next/static/chunks/main-app-0247263a042c4bf4.js:0
[    3395ms] [ERROR] Failed to load resource: the server responded with a status of 404 () @ https://automationblog.github.io/_next/static/chunks/517-28743238e254ff08.js:0
[    3395ms] [ERROR] Failed to load resource: the server responded with a status of 404 () @ https://automationblog.github.io/_next/static/chunks/app/page-2dc7c8b80c610cb5.js:0
[    4594ms] [ERROR] Failed to load resource: the server responded with a status of 404 () @ https://automationblog.github.io/_next/static/css/b4c62b5208f8d3f9.css:0
[    4594ms] [ERROR] Failed to load resource: the server responded with a status of 404 () @ https://automationblog.github.io/_next/static/media/0e96d314a90a6138-s.p.woff2:0
[    4594ms] [ERROR] Failed to load resource: the server responded with a status of 404 () @ https://automationblog.github.io/_next/static/media/13971731025ec697-s.p.woff2:0
[    4595ms] [ERROR] Failed to load resource: the server responded with a status of 404 () @ https://automationblog.github.io/_next/static/media/8a1d8947e5852e30-s.p.woff2:0
[    4595ms] [ERROR] Failed to load resource: the server responded with a status of 404 () @ https://automationblog.github.io/_next/static/media/d7df244fe7b07b95-s.p.woff2:0
[    4595ms] [ERROR] Failed to load resource: the server responded with a status of 404 () @ https://automationblog.github.io/_next/static/media/b7ea2ab4a8ad1f81-s.p.woff2:0
[    4600ms] [ERROR] Failed to load resource: the server responded with a status of 404 () @ https://automationblog.github.io/_next/static/chunks/webpack-b2f14ad3f5edb70f.js:0
[    4600ms] [ERROR] Failed to load resource: the server responded with a status of 404 () @ https://automationblog.github.io/_next/static/chunks/4bd1b696-dc53661a9e7a1ea0.js:0
[    4600ms] [ERROR] Failed to load resource: the server responded with a status of 404 () @ https://automationblog.github.io/_next/static/chunks/517-28743238e254ff08.js:0
[    4600ms] [ERROR] Failed to load resource: the server responded with a status of 404 () @ https://automationblog.github.io/_next/static/chunks/173-adb53e817c3964da.js:0
[    4600ms] [ERROR] Failed to load resource: the server responded with a status of 404 () @ https://automationblog.github.io/_next/static/chunks/app/page-2dc7c8b80c610cb5.js:0
[    4601ms] [ERROR] Failed to load resource: the server responded with a status of 404 () @ https://automationblog.github.io/_next/static/chunks/main-app-0247263a042c4bf4.js:0
[    7602ms] [WARNING] The resource https://automationblog.github.io/_next/static/media/13971731025ec697-s.p.woff2 was preloaded using link preload but not used within a few seconds from the window's load event. Please make sure it has an appropriate `as` value and it is preloaded intentionally. @ https://automationblog.github.io/myportfolio/:0
[    7602ms] [WARNING] The resource https://automationblog.github.io/_next/static/media/8a1d8947e5852e30-s.p.woff2 was preloaded using link preload but not used within a few seconds from the window's load event. Please make sure it has an appropriate `as` value and it is preloaded intentionally. @ https://automationblog.github.io/myportfolio/:0
[    7602ms] [WARNING] The resource https://automationblog.github.io/_next/static/media/d7df244fe7b07b95-s.p.woff2 was preloaded using link preload but not used within a few seconds from the window's load event. Please make sure it has an appropriate `as` value and it is preloaded intentionally. @ https://automationblog.github.io/myportfolio/:0
[    7602ms] [WARNING] The resource https://automationblog.github.io/_next/static/media/b7ea2ab4a8ad1f81-s.p.woff2 was preloaded using link preload but not used within a few seconds from the window's load event. Please make sure it has an appropriate `as` value and it is preloaded intentionally. @ https://automationblog.github.io/myportfolio/:0
[    7602ms] [WARNING] The resource https://automationblog.github.io/_next/static/media/0e96d314a90a6138-s.p.woff2 was preloaded using link preload but not used within a few seconds from the window's load event. Please make sure it has an appropriate `as` value and it is preloaded intentionally. @ https://automationblog.github.io/myportfolio/:0
[   12582ms] [ERROR] Failed to load resource: the server responded with a status of 404 () @ https://automationblog.github.io/_next/static/css/b4c62b5208f8d3f9.css:0
[   12582ms] [ERROR] Failed to load resource: the server responded with a status of 404 () @ https://automationblog.github.io/_next/static/media/13971731025ec697-s.p.woff2:0
[   12582ms] [ERROR] Failed to load resource: the server responded with a status of 404 () @ https://automationblog.github.io/_next/static/media/0e96d314a90a6138-s.p.woff2:0
[   12582ms] [ERROR] Failed to load resource: the server responded with a status of 404 () @ https://automationblog.github.io/_next/static/media/b7ea2ab4a8ad1f81-s.p.woff2:0
[   12582ms] [ERROR] Failed to load resource: the server responded with a status of 404 () @ https://automationblog.github.io/_next/static/media/8a1d8947e5852e30-s.p.woff2:0
[   12582ms] [ERROR] Failed to load resource: the server responded with a status of 404 () @ https://automationblog.github.io/_next/static/media/d7df244fe7b07b95-s.p.woff2:0
[   12587ms] [ERROR] Failed to load resource: the server responded with a status of 404 () @ https://automationblog.github.io/_next/static/chunks/webpack-b2f14ad3f5edb70f.js:0
[   12588ms] [ERROR] Failed to load resource: the server responded with a status of 404 () @ https://automationblog.github.io/_next/static/chunks/4bd1b696-dc53661a9e7a1ea0.js:0
[   12590ms] [ERROR] Failed to load resource: the server responded with a status of 404 () @ https://automationblog.github.io/_next/static/chunks/517-28743238e254ff08.js:0
[   12590ms] [ERROR] Failed to load resource: the server responded with a status of 404 () @ https://automationblog.github.io/_next/static/chunks/main-app-0247263a042c4bf4.js:0
[   12590ms] [ERROR] Failed to load resource: the server responded with a status of 404 () @ https://automationblog.github.io/_next/static/chunks/app/page-2dc7c8b80c610cb5.js:0
[   12590ms] [ERROR] Failed to load resource: the server responded with a status of 404 () @ https://automationblog.github.io/_next/static/chunks/173-adb53e817c3964da.js:0
[   13847ms] [ERROR] Failed to load resource: the server responded with a status of 404 () @ https://automationblog.github.io/_next/static/css/b4c62b5208f8d3f9.css:0
[   13847ms] [ERROR] Failed to load resource: the server responded with a status of 404 () @ https://automationblog.github.io/_next/static/media/0e96d314a90a6138-s.p.woff2:0
[   13847ms] [ERROR] Failed to load resource: the server responded with a status of 404 () @ https://automationblog.github.io/_next/static/media/8a1d8947e5852e30-s.p.woff2:0
[   13847ms] [ERROR] Failed to load resource: the server responded with a status of 404 () @ https://automationblog.github.io/_next/static/media/13971731025ec697-s.p.woff2:0
[   13847ms] [ERROR] Failed to load resource: the server responded with a status of 404 () @ https://automationblog.github.io/_next/static/media/b7ea2ab4a8ad1f81-s.p.woff2:0
[   13847ms] [ERROR] Failed to load resource: the server responded with a status of 404 () @ https://automationblog.github.io/_next/static/media/d7df244fe7b07b95-s.p.woff2:0
[   13851ms] [ERROR] Failed to load resource: the server responded with a status of 404 () @ https://automationblog.github.io/_next/static/chunks/4bd1b696-dc53661a9e7a1ea0.js:0
[   13851ms] [ERROR] Failed to load resource: the server responded with a status of 404 () @ https://automationblog.github.io/_next/static/chunks/main-app-0247263a042c4bf4.js:0
[   13851ms] [ERROR] Failed to load resource: the server responded with a status of 404 () @ https://automationblog.github.io/_next/static/chunks/webpack-b2f14ad3f5edb70f.js:0
[   13851ms] [ERROR] Failed to load resource: the server responded with a status of 404 () @ https://automationblog.github.io/_next/static/chunks/517-28743238e254ff08.js:0
[   13851ms] [ERROR] Failed to load resource: the server responded with a status of 404 () @ https://automationblog.github.io/_next/static/chunks/173-adb53e817c3964da.js:0
[   13851ms] [ERROR] Failed to load resource: the server responded with a status of 404 () @ https://automationblog.github.io/_next/static/chunks/app/page-2dc7c8b80c610cb5.js:0
[   16857ms] [WARNING] The resource https://automationblog.github.io/_next/static/media/13971731025ec697-s.p.woff2 was preloaded using link preload but not used within a few seconds from the window's load event. Please make sure it has an appropriate `as` value and it is preloaded intentionally. @ https://automationblog.github.io/myportfolio/:0
[   16858ms] [WARNING] The resource https://automationblog.github.io/_next/static/media/8a1d8947e5852e30-s.p.woff2 was preloaded using link preload but not used within a few seconds from the window's load event. Please make sure it has an appropriate `as` value and it is preloaded intentionally. @ https://automationblog.github.io/myportfolio/:0
[   16858ms] [WARNING] The resource https://automationblog.github.io/_next/static/media/d7df244fe7b07b95-s.p.woff2 was preloaded using link preload but not used within a few seconds from the window's load event. Please make sure it has an appropriate `as` value and it is preloaded intentionally. @ https://automationblog.github.io/myportfolio/:0
[   16858ms] [WARNING] The resource https://automationblog.github.io/_next/static/media/b7ea2ab4a8ad1f81-s.p.woff2 was preloaded using link preload but not used within a few seconds from the window's load event. Please make sure it has an appropriate `as` value and it is preloaded intentionally. @ https://automationblog.github.io/myportfolio/:0
[   16858ms] [WARNING] The resource https://automationblog.github.io/_next/static/media/0e96d314a90a6138-s.p.woff2 was preloaded using link preload but not used within a few seconds from the window's load event. Please make sure it has an appropriate `as` value and it is preloaded intentionally. @ https://automationblog.github.io/myportfolio/:0
