[     228ms] [ERROR] Failed to load resource: the server responded with a status of 404 () @ https://automationblog.github.io/_next/static/css/644013f8239371b4.css:0
[     229ms] [ERROR] Failed to load resource: the server responded with a status of 404 () @ https://automationblog.github.io/_next/static/chunks/main-app-0247263a042c4bf4.js:0
[     239ms] [ERROR] Failed to load resource: the server responded with a status of 404 () @ https://automationblog.github.io/_next/static/media/b7ea2ab4a8ad1f81-s.p.woff2:0
[     240ms] [ERROR] Failed to load resource: the server responded with a status of 404 () @ https://automationblog.github.io/_next/static/chunks/webpack-b2f14ad3f5edb70f.js:0
[     241ms] [ERROR] Failed to load resource: the server responded with a status of 404 () @ https://automationblog.github.io/_next/static/media/d7df244fe7b07b95-s.p.woff2:0
[     241ms] [ERROR] Failed to load resource: the server responded with a status of 404 () @ https://automationblog.github.io/_next/static/media/0e96d314a90a6138-s.p.woff2:0
[     242ms] [ERROR] Failed to load resource: the server responded with a status of 404 () @ https://automationblog.github.io/_next/static/chunks/app/page-2dc7c8b80c610cb5.js:0
[     242ms] [ERROR] Failed to load resource: the server responded with a status of 404 () @ https://automationblog.github.io/_next/static/chunks/173-adb53e817c3964da.js:0
[     243ms] [ERROR] Failed to load resource: the server responded with a status of 404 () @ https://automationblog.github.io/_next/static/chunks/517-28743238e254ff08.js:0
[     244ms] [ERROR] Failed to load resource: the server responded with a status of 404 () @ https://automationblog.github.io/_next/static/chunks/4bd1b696-dc53661a9e7a1ea0.js:0
[     287ms] [ERROR] Failed to load resource: the server responded with a status of 404 () @ https://automationblog.github.io/_next/static/media/8a1d8947e5852e30-s.p.woff2:0
[     288ms] [ERROR] Failed to load resource: the server responded with a status of 404 () @ https://automationblog.github.io/_next/static/media/13971731025ec697-s.p.woff2:0
[    2512ms] [ERROR] Failed to load resource: the server responded with a status of 404 () @ https://automationblog.github.io/myportfolio.txt?_rsc=ju30h:0
[    3992ms] [ERROR] Failed to load resource: the server responded with a status of 404 () @ https://automationblog.github.io/myportfolio.txt?_rsc=ju30h:0
[  523975ms] [ERROR] Failed to load resource: the server responded with a status of 404 () @ https://automationblog.github.io/_next/static/chunks/173-adb53e817c3964da.js:0
[  523977ms] [ERROR] Failed to load resource: the server responded with a status of 404 () @ https://automationblog.github.io/_next/static/css/b4c62b5208f8d3f9.css:0
[  523983ms] [ERROR] Failed to load resource: the server responded with a status of 404 () @ https://automationblog.github.io/_next/static/media/13971731025ec697-s.p.woff2:0
[  523985ms] [ERROR] Failed to load resource: the server responded with a status of 404 () @ https://automationblog.github.io/_next/static/media/b7ea2ab4a8ad1f81-s.p.woff2:0
[  523993ms] [ERROR] Failed to load resource: the server responded with a status of 404 () @ https://automationblog.github.io/_next/static/chunks/4bd1b696-dc53661a9e7a1ea0.js:0
[  523999ms] [ERROR] Failed to load resource: the server responded with a status of 404 () @ https://automationblog.github.io/_next/static/media/0e96d314a90a6138-s.p.woff2:0
[  524003ms] [ERROR] Failed to load resource: the server responded with a status of 404 () @ https://automationblog.github.io/_next/static/chunks/app/page-2dc7c8b80c610cb5.js:0
[  524004ms] [ERROR] Failed to load resource: the server responded with a status of 404 () @ https://automationblog.github.io/_next/static/chunks/webpack-b2f14ad3f5edb70f.js:0
[  524013ms] [ERROR] Failed to load resource: the server responded with a status of 404 () @ https://automationblog.github.io/_next/static/media/8a1d8947e5852e30-s.p.woff2:0
[  524017ms] [ERROR] Failed to load resource: the server responded with a status of 404 () @ https://automationblog.github.io/_next/static/chunks/main-app-0247263a042c4bf4.js:0
[  524018ms] [ERROR] Failed to load resource: the server responded with a status of 404 () @ https://automationblog.github.io/_next/static/chunks/517-28743238e254ff08.js:0
[  524103ms] [ERROR] Failed to load resource: the server responded with a status of 404 () @ https://automationblog.github.io/_next/static/media/d7df244fe7b07b95-s.p.woff2:0
[  525711ms] [ERROR] Failed to load resource: the server responded with a status of 404 () @ https://automationblog.github.io/_next/static/media/13971731025ec697-s.p.woff2:0
[  525712ms] [ERROR] Failed to load resource: the server responded with a status of 404 () @ https://automationblog.github.io/_next/static/media/0e96d314a90a6138-s.p.woff2:0
[  525712ms] [ERROR] Failed to load resource: the server responded with a status of 404 () @ https://automationblog.github.io/_next/static/media/8a1d8947e5852e30-s.p.woff2:0
[  525714ms] [ERROR] Failed to load resource: the server responded with a status of 404 () @ https://automationblog.github.io/_next/static/css/b4c62b5208f8d3f9.css:0
[  525715ms] [ERROR] Failed to load resource: the server responded with a status of 404 () @ https://automationblog.github.io/_next/static/media/b7ea2ab4a8ad1f81-s.p.woff2:0
[  525715ms] [ERROR] Failed to load resource: the server responded with a status of 404 () @ https://automationblog.github.io/_next/static/media/d7df244fe7b07b95-s.p.woff2:0
[  525719ms] [ERROR] Failed to load resource: the server responded with a status of 404 () @ https://automationblog.github.io/_next/static/chunks/4bd1b696-dc53661a9e7a1ea0.js:0
[  525719ms] [ERROR] Failed to load resource: the server responded with a status of 404 () @ https://automationblog.github.io/_next/static/chunks/webpack-b2f14ad3f5edb70f.js:0
[  525719ms] [ERROR] Failed to load resource: the server responded with a status of 404 () @ https://automationblog.github.io/_next/static/chunks/173-adb53e817c3964da.js:0
[  525720ms] [ERROR] Failed to load resource: the server responded with a status of 404 () @ https://automationblog.github.io/_next/static/chunks/app/page-2dc7c8b80c610cb5.js:0
[  525720ms] [ERROR] Failed to load resource: the server responded with a status of 404 () @ https://automationblog.github.io/_next/static/chunks/517-28743238e254ff08.js:0
[  525720ms] [ERROR] Failed to load resource: the server responded with a status of 404 () @ https://automationblog.github.io/_next/static/chunks/main-app-0247263a042c4bf4.js:0
[  527504ms] [ERROR] Failed to load resource: the server responded with a status of 404 () @ https://automationblog.github.io/_next/static/media/0e96d314a90a6138-s.p.woff2:0
[  527506ms] [ERROR] Failed to load resource: the server responded with a status of 404 () @ https://automationblog.github.io/_next/static/media/8a1d8947e5852e30-s.p.woff2:0
[  527506ms] [ERROR] Failed to load resource: the server responded with a status of 404 () @ https://automationblog.github.io/_next/static/css/b4c62b5208f8d3f9.css:0
[  527506ms] [ERROR] Failed to load resource: the server responded with a status of 404 () @ https://automationblog.github.io/_next/static/media/d7df244fe7b07b95-s.p.woff2:0
[  527506ms] [ERROR] Failed to load resource: the server responded with a status of 404 () @ https://automationblog.github.io/_next/static/media/b7ea2ab4a8ad1f81-s.p.woff2:0
[  527506ms] [ERROR] Failed to load resource: the server responded with a status of 404 () @ https://automationblog.github.io/_next/static/media/13971731025ec697-s.p.woff2:0
[  527510ms] [ERROR] Failed to load resource: the server responded with a status of 404 () @ https://automationblog.github.io/_next/static/chunks/webpack-b2f14ad3f5edb70f.js:0
[  527510ms] [ERROR] Failed to load resource: the server responded with a status of 404 () @ https://automationblog.github.io/_next/static/chunks/4bd1b696-dc53661a9e7a1ea0.js:0
[  527511ms] [ERROR] Failed to load resource: the server responded with a status of 404 () @ https://automationblog.github.io/_next/static/chunks/app/page-2dc7c8b80c610cb5.js:0
[  527511ms] [ERROR] Failed to load resource: the server responded with a status of 404 () @ https://automationblog.github.io/_next/static/chunks/173-adb53e817c3964da.js:0
[  527511ms] [ERROR] Failed to load resource: the server responded with a status of 404 () @ https://automationblog.github.io/_next/static/chunks/517-28743238e254ff08.js:0
[  527511ms] [ERROR] Failed to load resource: the server responded with a status of 404 () @ https://automationblog.github.io/_next/static/chunks/main-app-0247263a042c4bf4.js:0
[  530512ms] [WARNING] The resource https://automationblog.github.io/_next/static/media/13971731025ec697-s.p.woff2 was preloaded using link preload but not used within a few seconds from the window's load event. Please make sure it has an appropriate `as` value and it is preloaded intentionally. @ https://automationblog.github.io/myportfolio/:0
[  530513ms] [WARNING] The resource https://automationblog.github.io/_next/static/media/8a1d8947e5852e30-s.p.woff2 was preloaded using link preload but not used within a few seconds from the window's load event. Please make sure it has an appropriate `as` value and it is preloaded intentionally. @ https://automationblog.github.io/myportfolio/:0
[  530513ms] [WARNING] The resource https://automationblog.github.io/_next/static/media/d7df244fe7b07b95-s.p.woff2 was preloaded using link preload but not used within a few seconds from the window's load event. Please make sure it has an appropriate `as` value and it is preloaded intentionally. @ https://automationblog.github.io/myportfolio/:0
[  530513ms] [WARNING] The resource https://automationblog.github.io/_next/static/media/b7ea2ab4a8ad1f81-s.p.woff2 was preloaded using link preload but not used within a few seconds from the window's load event. Please make sure it has an appropriate `as` value and it is preloaded intentionally. @ https://automationblog.github.io/myportfolio/:0
[  530513ms] [WARNING] The resource https://automationblog.github.io/_next/static/media/0e96d314a90a6138-s.p.woff2 was preloaded using link preload but not used within a few seconds from the window's load event. Please make sure it has an appropriate `as` value and it is preloaded intentionally. @ https://automationblog.github.io/myportfolio/:0
