[      10ms] [ERROR] Failed to load resource: the server responded with a status of 404 () @ https://automationblog.github.io/_next/static/media/0e96d314a90a6138-s.p.woff2:0
[      13ms] [ERROR] Failed to load resource: the server responded with a status of 404 () @ https://automationblog.github.io/_next/static/css/b4c62b5208f8d3f9.css:0
[      14ms] [ERROR] Failed to load resource: the server responded with a status of 404 () @ https://automationblog.github.io/_next/static/media/13971731025ec697-s.p.woff2:0
[      14ms] [ERROR] Failed to load resource: the server responded with a status of 404 () @ https://automationblog.github.io/_next/static/media/b7ea2ab4a8ad1f81-s.p.woff2:0
[      14ms] [ERROR] Failed to load resource: the server responded with a status of 404 () @ https://automationblog.github.io/_next/static/media/d7df244fe7b07b95-s.p.woff2:0
[      14ms] [ERROR] Failed to load resource: the server responded with a status of 404 () @ https://automationblog.github.io/_next/static/media/8a1d8947e5852e30-s.p.woff2:0
[      66ms] [ERROR] Failed to load resource: the server responded with a status of 404 () @ https://automationblog.github.io/_next/static/chunks/webpack-b2f14ad3f5edb70f.js:0
[      66ms] [ERROR] Failed to load resource: the server responded with a status of 404 () @ https://automationblog.github.io/_next/static/chunks/4bd1b696-dc53661a9e7a1ea0.js:0
[      66ms] [ERROR] Failed to load resource: the server responded with a status of 404 () @ https://automationblog.github.io/_next/static/chunks/517-28743238e254ff08.js:0
[      66ms] [ERROR] Failed to load resource: the server responded with a status of 404 () @ https://automationblog.github.io/_next/static/chunks/main-app-0247263a042c4bf4.js:0
[      66ms] [ERROR] Failed to load resource: the server responded with a status of 404 () @ https://automationblog.github.io/_next/static/chunks/173-adb53e817c3964da.js:0
[      66ms] [ERROR] Failed to load resource: the server responded with a status of 404 () @ https://automationblog.github.io/_next/static/chunks/app/page-2dc7c8b80c610cb5.js:0
[    1795ms] [ERROR] Failed to load resource: the server responded with a status of 404 () @ https://automationblog.github.io/_next/static/media/0e96d314a90a6138-s.p.woff2:0
[    1796ms] [ERROR] Failed to load resource: the server responded with a status of 404 () @ https://automationblog.github.io/_next/static/media/13971731025ec697-s.p.woff2:0
[    1796ms] [ERROR] Failed to load resource: the server responded with a status of 404 () @ https://automationblog.github.io/_next/static/css/b4c62b5208f8d3f9.css:0
[    1796ms] [ERROR] Failed to load resource: the server responded with a status of 404 () @ https://automationblog.github.io/_next/static/media/8a1d8947e5852e30-s.p.woff2:0
[    1797ms] [ERROR] Failed to load resource: the server responded with a status of 404 () @ https://automationblog.github.io/_next/static/media/d7df244fe7b07b95-s.p.woff2:0
[    1797ms] [ERROR] Failed to load resource: the server responded with a status of 404 () @ https://automationblog.github.io/_next/static/media/b7ea2ab4a8ad1f81-s.p.woff2:0
[    1803ms] [ERROR] Failed to load resource: the server responded with a status of 404 () @ https://automationblog.github.io/_next/static/chunks/webpack-b2f14ad3f5edb70f.js:0
[    1803ms] [ERROR] Failed to load resource: the server responded with a status of 404 () @ https://automationblog.github.io/_next/static/chunks/main-app-0247263a042c4bf4.js:0
[    1803ms] [ERROR] Failed to load resource: the server responded with a status of 404 () @ https://automationblog.github.io/_next/static/chunks/4bd1b696-dc53661a9e7a1ea0.js:0
[    1803ms] [ERROR] Failed to load resource: the server responded with a status of 404 () @ https://automationblog.github.io/_next/static/chunks/517-28743238e254ff08.js:0
[    1804ms] [ERROR] Failed to load resource: the server responded with a status of 404 () @ https://automationblog.github.io/_next/static/chunks/173-adb53e817c3964da.js:0
[    1804ms] [ERROR] Failed to load resource: the server responded with a status of 404 () @ https://automationblog.github.io/_next/static/chunks/app/page-2dc7c8b80c610cb5.js:0
[    4806ms] [WARNING] The resource https://automationblog.github.io/_next/static/media/13971731025ec697-s.p.woff2 was preloaded using link preload but not used within a few seconds from the window's load event. Please make sure it has an appropriate `as` value and it is preloaded intentionally. @ https://automationblog.github.io/myportfolio/:0
[    4806ms] [WARNING] The resource https://automationblog.github.io/_next/static/media/8a1d8947e5852e30-s.p.woff2 was preloaded using link preload but not used within a few seconds from the window's load event. Please make sure it has an appropriate `as` value and it is preloaded intentionally. @ https://automationblog.github.io/myportfolio/:0
[    4806ms] [WARNING] The resource https://automationblog.github.io/_next/static/media/d7df244fe7b07b95-s.p.woff2 was preloaded using link preload but not used within a few seconds from the window's load event. Please make sure it has an appropriate `as` value and it is preloaded intentionally. @ https://automationblog.github.io/myportfolio/:0
[    4806ms] [WARNING] The resource https://automationblog.github.io/_next/static/media/b7ea2ab4a8ad1f81-s.p.woff2 was preloaded using link preload but not used within a few seconds from the window's load event. Please make sure it has an appropriate `as` value and it is preloaded intentionally. @ https://automationblog.github.io/myportfolio/:0
[    4806ms] [WARNING] The resource https://automationblog.github.io/_next/static/media/0e96d314a90a6138-s.p.woff2 was preloaded using link preload but not used within a few seconds from the window's load event. Please make sure it has an appropriate `as` value and it is preloaded intentionally. @ https://automationblog.github.io/myportfolio/:0
[  501474ms] [ERROR] Failed to load resource: the server responded with a status of 404 () @ https://automationblog.github.io/_next/static/media/b7ea2ab4a8ad1f81-s.p.woff2:0
[  501474ms] [ERROR] Failed to load resource: the server responded with a status of 404 () @ https://automationblog.github.io/_next/static/chunks/app/page-2dc7c8b80c610cb5.js:0
[  501475ms] [ERROR] Failed to load resource: the server responded with a status of 404 () @ https://automationblog.github.io/_next/static/chunks/webpack-b2f14ad3f5edb70f.js:0
[  501477ms] [ERROR] Failed to load resource: the server responded with a status of 404 () @ https://automationblog.github.io/_next/static/chunks/4bd1b696-dc53661a9e7a1ea0.js:0
[  501481ms] [ERROR] Failed to load resource: the server responded with a status of 404 () @ https://automationblog.github.io/_next/static/chunks/517-28743238e254ff08.js:0
[  501483ms] [ERROR] Failed to load resource: the server responded with a status of 404 () @ https://automationblog.github.io/_next/static/chunks/main-app-0247263a042c4bf4.js:0
[  501484ms] [ERROR] Failed to load resource: the server responded with a status of 404 () @ https://automationblog.github.io/_next/static/css/b4c62b5208f8d3f9.css:0
[  501490ms] [ERROR] Failed to load resource: the server responded with a status of 404 () @ https://automationblog.github.io/_next/static/media/d7df244fe7b07b95-s.p.woff2:0
[  501491ms] [ERROR] Failed to load resource: the server responded with a status of 404 () @ https://automationblog.github.io/_next/static/chunks/173-adb53e817c3964da.js:0
[  501504ms] [ERROR] Failed to load resource: the server responded with a status of 404 () @ https://automationblog.github.io/_next/static/media/8a1d8947e5852e30-s.p.woff2:0
[  501510ms] [ERROR] Failed to load resource: the server responded with a status of 404 () @ https://automationblog.github.io/_next/static/media/13971731025ec697-s.p.woff2:0
[  501515ms] [ERROR] Failed to load resource: the server responded with a status of 404 () @ https://automationblog.github.io/_next/static/media/0e96d314a90a6138-s.p.woff2:0
[  502379ms] [ERROR] Failed to load resource: the server responded with a status of 404 () @ https://automationblog.github.io/_next/static/media/13971731025ec697-s.p.woff2:0
[  502380ms] [ERROR] Failed to load resource: the server responded with a status of 404 () @ https://automationblog.github.io/_next/static/media/b7ea2ab4a8ad1f81-s.p.woff2:0
[  502380ms] [ERROR] Failed to load resource: the server responded with a status of 404 () @ https://automationblog.github.io/_next/static/media/8a1d8947e5852e30-s.p.woff2:0
[  502380ms] [ERROR] Failed to load resource: the server responded with a status of 404 () @ https://automationblog.github.io/_next/static/media/0e96d314a90a6138-s.p.woff2:0
[  502382ms] [ERROR] Failed to load resource: the server responded with a status of 404 () @ https://automationblog.github.io/_next/static/css/b4c62b5208f8d3f9.css:0
[  502382ms] [ERROR] Failed to load resource: the server responded with a status of 404 () @ https://automationblog.github.io/_next/static/media/d7df244fe7b07b95-s.p.woff2:0
[  502388ms] [ERROR] Failed to load resource: the server responded with a status of 404 () @ https://automationblog.github.io/_next/static/chunks/webpack-b2f14ad3f5edb70f.js:0
[  502388ms] [ERROR] Failed to load resource: the server responded with a status of 404 () @ https://automationblog.github.io/_next/static/chunks/517-28743238e254ff08.js:0
[  502388ms] [ERROR] Failed to load resource: the server responded with a status of 404 () @ https://automationblog.github.io/_next/static/chunks/4bd1b696-dc53661a9e7a1ea0.js:0
[  502388ms] [ERROR] Failed to load resource: the server responded with a status of 404 () @ https://automationblog.github.io/_next/static/chunks/main-app-0247263a042c4bf4.js:0
[  502388ms] [ERROR] Failed to load resource: the server responded with a status of 404 () @ https://automationblog.github.io/_next/static/chunks/173-adb53e817c3964da.js:0
[  502388ms] [ERROR] Failed to load resource: the server responded with a status of 404 () @ https://automationblog.github.io/_next/static/chunks/app/page-2dc7c8b80c610cb5.js:0
[  503707ms] [ERROR] Failed to load resource: the server responded with a status of 404 () @ https://automationblog.github.io/_next/static/css/b4c62b5208f8d3f9.css:0
[  503707ms] [ERROR] Failed to load resource: the server responded with a status of 404 () @ https://automationblog.github.io/_next/static/media/0e96d314a90a6138-s.p.woff2:0
[  503707ms] [ERROR] Failed to load resource: the server responded with a status of 404 () @ https://automationblog.github.io/_next/static/media/13971731025ec697-s.p.woff2:0
[  503707ms] [ERROR] Failed to load resource: the server responded with a status of 404 () @ https://automationblog.github.io/_next/static/media/b7ea2ab4a8ad1f81-s.p.woff2:0
[  503708ms] [ERROR] Failed to load resource: the server responded with a status of 404 () @ https://automationblog.github.io/_next/static/media/d7df244fe7b07b95-s.p.woff2:0
[  503708ms] [ERROR] Failed to load resource: the server responded with a status of 404 () @ https://automationblog.github.io/_next/static/media/8a1d8947e5852e30-s.p.woff2:0
[  503713ms] [ERROR] Failed to load resource: the server responded with a status of 404 () @ https://automationblog.github.io/_next/static/chunks/webpack-b2f14ad3f5edb70f.js:0
[  503713ms] [ERROR] Failed to load resource: the server responded with a status of 404 () @ https://automationblog.github.io/_next/static/chunks/app/page-2dc7c8b80c610cb5.js:0
[  503713ms] [ERROR] Failed to load resource: the server responded with a status of 404 () @ https://automationblog.github.io/_next/static/chunks/173-adb53e817c3964da.js:0
[  503713ms] [ERROR] Failed to load resource: the server responded with a status of 404 () @ https://automationblog.github.io/_next/static/chunks/main-app-0247263a042c4bf4.js:0
[  503714ms] [ERROR] Failed to load resource: the server responded with a status of 404 () @ https://automationblog.github.io/_next/static/chunks/517-28743238e254ff08.js:0
[  503714ms] [ERROR] Failed to load resource: the server responded with a status of 404 () @ https://automationblog.github.io/_next/static/chunks/4bd1b696-dc53661a9e7a1ea0.js:0
[  506727ms] [WARNING] The resource https://automationblog.github.io/_next/static/media/13971731025ec697-s.p.woff2 was preloaded using link preload but not used within a few seconds from the window's load event. Please make sure it has an appropriate `as` value and it is preloaded intentionally. @ https://automationblog.github.io/myportfolio/:0
[  506727ms] [WARNING] The resource https://automationblog.github.io/_next/static/media/8a1d8947e5852e30-s.p.woff2 was preloaded using link preload but not used within a few seconds from the window's load event. Please make sure it has an appropriate `as` value and it is preloaded intentionally. @ https://automationblog.github.io/myportfolio/:0
[  506727ms] [WARNING] The resource https://automationblog.github.io/_next/static/media/d7df244fe7b07b95-s.p.woff2 was preloaded using link preload but not used within a few seconds from the window's load event. Please make sure it has an appropriate `as` value and it is preloaded intentionally. @ https://automationblog.github.io/myportfolio/:0
[  506727ms] [WARNING] The resource https://automationblog.github.io/_next/static/media/b7ea2ab4a8ad1f81-s.p.woff2 was preloaded using link preload but not used within a few seconds from the window's load event. Please make sure it has an appropriate `as` value and it is preloaded intentionally. @ https://automationblog.github.io/myportfolio/:0
[  506727ms] [WARNING] The resource https://automationblog.github.io/_next/static/media/0e96d314a90a6138-s.p.woff2 was preloaded using link preload but not used within a few seconds from the window's load event. Please make sure it has an appropriate `as` value and it is preloaded intentionally. @ https://automationblog.github.io/myportfolio/:0
