[      19ms] [ERROR] Failed to load resource: the server responded with a status of 404 () @ https://automationblog.github.io/_next/static/chunks/173-adb53e817c3964da.js:0
[      19ms] [ERROR] Failed to load resource: the server responded with a status of 404 () @ https://automationblog.github.io/_next/static/media/13971731025ec697-s.p.woff2:0
[      19ms] [ERROR] Failed to load resource: the server responded with a status of 404 () @ https://automationblog.github.io/_next/static/media/b7ea2ab4a8ad1f81-s.p.woff2:0
[      19ms] [ERROR] Failed to load resource: the server responded with a status of 404 () @ https://automationblog.github.io/_next/static/media/0e96d314a90a6138-s.p.woff2:0
[      22ms] [ERROR] Failed to load resource: the server responded with a status of 404 () @ https://automationblog.github.io/_next/static/chunks/app/page-2dc7c8b80c610cb5.js:0
[      23ms] [ERROR] Failed to load resource: the server responded with a status of 404 () @ https://automationblog.github.io/_next/static/css/644013f8239371b4.css:0
[      24ms] [ERROR] Failed to load resource: the server responded with a status of 404 () @ https://automationblog.github.io/_next/static/media/8a1d8947e5852e30-s.p.woff2:0
[      24ms] [ERROR] Failed to load resource: the server responded with a status of 404 () @ https://automationblog.github.io/_next/static/media/d7df244fe7b07b95-s.p.woff2:0
[      25ms] [ERROR] Failed to load resource: the server responded with a status of 404 () @ https://automationblog.github.io/_next/static/chunks/webpack-b2f14ad3f5edb70f.js:0
[      25ms] [ERROR] Failed to load resource: the server responded with a status of 404 () @ https://automationblog.github.io/_next/static/chunks/4bd1b696-dc53661a9e7a1ea0.js:0
[      25ms] [ERROR] Failed to load resource: the server responded with a status of 404 () @ https://automationblog.github.io/_next/static/chunks/main-app-0247263a042c4bf4.js:0
[      25ms] [ERROR] Failed to load resource: the server responded with a status of 404 () @ https://automationblog.github.io/_next/static/chunks/517-28743238e254ff08.js:0
[      89ms] [ERROR] Failed to load resource: the server responded with a status of 404 () @ https://automationblog.github.io/favicon.ico:0
[    3101ms] [WARNING] The resource https://automationblog.github.io/_next/static/media/13971731025ec697-s.p.woff2 was preloaded using link preload but not used within a few seconds from the window's load event. Please make sure it has an appropriate `as` value and it is preloaded intentionally. @ https://automationblog.github.io/myportfolio/:0
[    3101ms] [WARNING] The resource https://automationblog.github.io/_next/static/media/8a1d8947e5852e30-s.p.woff2 was preloaded using link preload but not used within a few seconds from the window's load event. Please make sure it has an appropriate `as` value and it is preloaded intentionally. @ https://automationblog.github.io/myportfolio/:0
[    3101ms] [WARNING] The resource https://automationblog.github.io/_next/static/media/d7df244fe7b07b95-s.p.woff2 was preloaded using link preload but not used within a few seconds from the window's load event. Please make sure it has an appropriate `as` value and it is preloaded intentionally. @ https://automationblog.github.io/myportfolio/:0
[    3101ms] [WARNING] The resource https://automationblog.github.io/_next/static/media/b7ea2ab4a8ad1f81-s.p.woff2 was preloaded using link preload but not used within a few seconds from the window's load event. Please make sure it has an appropriate `as` value and it is preloaded intentionally. @ https://automationblog.github.io/myportfolio/:0
[    3101ms] [WARNING] The resource https://automationblog.github.io/_next/static/media/0e96d314a90a6138-s.p.woff2 was preloaded using link preload but not used within a few seconds from the window's load event. Please make sure it has an appropriate `as` value and it is preloaded intentionally. @ https://automationblog.github.io/myportfolio/:0
[    4955ms] [ERROR] Failed to load resource: the server responded with a status of 404 () @ https://automationblog.github.io/:0
[    6958ms] [ERROR] Failed to load resource: the server responded with a status of 404 () @ https://automationblog.github.io/_next/static/media/0e96d314a90a6138-s.p.woff2:0
[    6958ms] [ERROR] Failed to load resource: the server responded with a status of 404 () @ https://automationblog.github.io/_next/static/css/644013f8239371b4.css:0
[    6958ms] [ERROR] Failed to load resource: the server responded with a status of 404 () @ https://automationblog.github.io/_next/static/media/13971731025ec697-s.p.woff2:0
[    6958ms] [ERROR] Failed to load resource: the server responded with a status of 404 () @ https://automationblog.github.io/_next/static/media/8a1d8947e5852e30-s.p.woff2:0
[    6959ms] [ERROR] Failed to load resource: the server responded with a status of 404 () @ https://automationblog.github.io/_next/static/media/b7ea2ab4a8ad1f81-s.p.woff2:0
[    6959ms] [ERROR] Failed to load resource: the server responded with a status of 404 () @ https://automationblog.github.io/_next/static/media/d7df244fe7b07b95-s.p.woff2:0
[    6963ms] [ERROR] Failed to load resource: the server responded with a status of 404 () @ https://automationblog.github.io/_next/static/chunks/webpack-b2f14ad3f5edb70f.js:0
[    6967ms] [ERROR] Failed to load resource: the server responded with a status of 404 () @ https://automationblog.github.io/_next/static/chunks/4bd1b696-dc53661a9e7a1ea0.js:0
[    6967ms] [ERROR] Failed to load resource: the server responded with a status of 404 () @ https://automationblog.github.io/_next/static/chunks/517-28743238e254ff08.js:0
[    6968ms] [ERROR] Failed to load resource: the server responded with a status of 404 () @ https://automationblog.github.io/_next/static/chunks/main-app-0247263a042c4bf4.js:0
[    6968ms] [ERROR] Failed to load resource: the server responded with a status of 404 () @ https://automationblog.github.io/_next/static/chunks/173-adb53e817c3964da.js:0
[    6968ms] [ERROR] Failed to load resource: the server responded with a status of 404 () @ https://automationblog.github.io/_next/static/chunks/app/page-2dc7c8b80c610cb5.js:0
[    9969ms] [WARNING] The resource https://automationblog.github.io/_next/static/media/13971731025ec697-s.p.woff2 was preloaded using link preload but not used within a few seconds from the window's load event. Please make sure it has an appropriate `as` value and it is preloaded intentionally. @ https://automationblog.github.io/myportfolio/:0
[    9969ms] [WARNING] The resource https://automationblog.github.io/_next/static/media/8a1d8947e5852e30-s.p.woff2 was preloaded using link preload but not used within a few seconds from the window's load event. Please make sure it has an appropriate `as` value and it is preloaded intentionally. @ https://automationblog.github.io/myportfolio/:0
[    9969ms] [WARNING] The resource https://automationblog.github.io/_next/static/media/d7df244fe7b07b95-s.p.woff2 was preloaded using link preload but not used within a few seconds from the window's load event. Please make sure it has an appropriate `as` value and it is preloaded intentionally. @ https://automationblog.github.io/myportfolio/:0
[    9969ms] [WARNING] The resource https://automationblog.github.io/_next/static/media/b7ea2ab4a8ad1f81-s.p.woff2 was preloaded using link preload but not used within a few seconds from the window's load event. Please make sure it has an appropriate `as` value and it is preloaded intentionally. @ https://automationblog.github.io/myportfolio/:0
[    9969ms] [WARNING] The resource https://automationblog.github.io/_next/static/media/0e96d314a90a6138-s.p.woff2 was preloaded using link preload but not used within a few seconds from the window's load event. Please make sure it has an appropriate `as` value and it is preloaded intentionally. @ https://automationblog.github.io/myportfolio/:0
[   23088ms] [ERROR] Failed to load resource: the server responded with a status of 404 () @ https://automationblog.github.io/myportfolio.txt?_rsc=ju30h:0
[   24937ms] [ERROR] Failed to load resource: the server responded with a status of 404 () @ https://automationblog.github.io/myportfolio.txt?_rsc=ju30h:0
